build/app/intermediates/manifest_merge_blame_file/debug/manifest-merger-blame-debug-report.txt
1<?xml version="1.0" encoding="utf-8"?>
2<manifest xmlns:android="http://schemas.android.com/apk/res/android"
3    package="com.buddyappfirebase"
4    android:versionCode="1"
5    android:versionName="1.0.0" >
6
7    <uses-sdk
8        android:minSdkVersion="16"
9        android:targetSdkVersion="28" />
10    <!--
11         Flutter needs it to communicate with the running application
12         to allow setting breakpoints, to provide hot reload, etc.
13    -->
14    <uses-permission android:name="android.permission.INTERNET" />
14-->src/debug/AndroidManifest.xml:6:5-66
14-->src/debug/AndroidManifest.xml:6:22-64
15    <uses-permission android:name="android.permission.READ_EXTERNAL_STORAGE" />
15-->[:image_picker] AndroidManifest.xml:7:5-80
15-->[:image_picker] AndroidManifest.xml:7:22-77
16    <uses-permission android:name="android.permission.WRITE_EXTERNAL_STORAGE" />
16-->[:image_picker] AndroidManifest.xml:8:5-81
16-->[:image_picker] AndroidManifest.xml:8:22-78
17    <uses-permission android:name="android.permission.ACCESS_NETWORK_STATE" />
17-->[com.google.android.gms:play-services-measurement:17.2.2] AndroidManifest.xml:24:5-79
17-->[com.google.android.gms:play-services-measurement:17.2.2] AndroidManifest.xml:24:22-76
18    <uses-permission android:name="android.permission.WAKE_LOCK" />
18-->[com.google.android.gms:play-services-measurement:17.2.2] AndroidManifest.xml:25:5-68
18-->[com.google.android.gms:play-services-measurement:17.2.2] AndroidManifest.xml:25:22-65
19    <uses-permission android:name="com.google.android.finsky.permission.BIND_GET_INSTALL_REFERRER_SERVICE" /> <!-- Required by older versions of Google Play services to create IID tokens -->
19-->[com.google.android.gms:play-services-measurement:17.2.2] AndroidManifest.xml:26:5-110
19-->[com.google.android.gms:play-services-measurement:17.2.2] AndroidManifest.xml:26:22-107
20    <uses-permission android:name="com.google.android.c2dm.permission.RECEIVE" />
20-->[com.google.firebase:firebase-iid:20.0.2] AndroidManifest.xml:26:5-82
20-->[com.google.firebase:firebase-iid:20.0.2] AndroidManifest.xml:26:22-79
21    <!--
22 io.flutter.app.FlutterApplication is an android.app.Application that
23         calls FlutterMain.startInitialization(this); in its onCreate method.
24         In most cases you can leave this as-is, but you if you want to provide
25         additional functionality it is fine to subclass or reimplement
26         FlutterApplication and put your custom class here.
27    -->
28    <application
28-->src/main/AndroidManifest.xml:8:5-46:19
29        android:name="io.flutter.app.FlutterApplication"
29-->src/main/AndroidManifest.xml:9:9-57
30        android:appComponentFactory="androidx.core.app.CoreComponentFactory"
30-->[androidx.core:core:1.2.0] AndroidManifest.xml:24:18-86
31        android:debuggable="true"
32        android:icon="@mipmap/ic_launcher"
32-->src/main/AndroidManifest.xml:11:9-43
33        android:label="buddyappfirebase" >
33-->src/main/AndroidManifest.xml:10:9-41
34        <activity
34-->src/main/AndroidManifest.xml:12:9-40:20
35            android:name="com.buddyappfirebase.MainActivity"
35-->src/main/AndroidManifest.xml:13:13-41
36            android:configChanges="orientation|keyboardHidden|keyboard|screenSize|smallestScreenSize|locale|layoutDirection|fontScale|screenLayout|density|uiMode"
36-->src/main/AndroidManifest.xml:16:13-163
37            android:hardwareAccelerated="true"
37-->src/main/AndroidManifest.xml:17:13-47
38            android:launchMode="singleTop"
38-->src/main/AndroidManifest.xml:14:13-43
39            android:theme="@style/LaunchTheme"
39-->src/main/AndroidManifest.xml:15:13-47
40            android:windowSoftInputMode="adjustResize" >
40-->src/main/AndroidManifest.xml:18:13-55
41
42            <!--
43                 Specifies an Android theme to apply to this Activity as soon as
44                 the Android process has started. This theme is visible to the user
45                 while the Flutter UI initializes. After that, this theme continues
46                 to determine the Window background behind the Flutter UI.
47            -->
48            <meta-data
48-->src/main/AndroidManifest.xml:23:13-26:17
49                android:name="io.flutter.embedding.android.NormalTheme"
49-->src/main/AndroidManifest.xml:24:15-70
50                android:resource="@style/NormalTheme" />
50-->src/main/AndroidManifest.xml:25:15-52
51            <!--
52                 Displays an Android View that continues showing the launch screen
53                 Drawable until Flutter paints its first frame, then this splash
54                 screen fades out. A splash screen is useful to avoid any visual
55                 gap between the end of Android's launch screen and the painting of
56                 Flutter's first frame.
57            -->
58            <meta-data
58-->src/main/AndroidManifest.xml:32:13-35:17
59                android:name="io.flutter.embedding.android.SplashScreenDrawable"
59-->src/main/AndroidManifest.xml:33:15-79
60                android:resource="@drawable/launch_background" />
60-->src/main/AndroidManifest.xml:34:15-61
61
62            <intent-filter>
62-->src/main/AndroidManifest.xml:36:13-39:29
63                <action android:name="android.intent.action.MAIN" />
63-->src/main/AndroidManifest.xml:37:17-68
63-->src/main/AndroidManifest.xml:37:25-66
64
65                <category android:name="android.intent.category.LAUNCHER" />
65-->src/main/AndroidManifest.xml:38:17-76
65-->src/main/AndroidManifest.xml:38:27-74
66            </intent-filter>
67        </activity>
68        <!--
69             Don't delete the meta-data below.
70             This is used by the Flutter tool to generate GeneratedPluginRegistrant.java
71        -->
72        <meta-data
72-->src/main/AndroidManifest.xml:43:9-45:33
73            android:name="flutterEmbedding"
73-->src/main/AndroidManifest.xml:44:13-44
74            android:value="2" />
74-->src/main/AndroidManifest.xml:45:13-30
75
76        <provider
76-->[:image_picker] AndroidManifest.xml:11:9-19:20
77            android:name="io.flutter.plugins.imagepicker.ImagePickerFileProvider"
77-->[:image_picker] AndroidManifest.xml:12:13-82
78            android:authorities="com.buddyappfirebase.flutter.image_provider"
78-->[:image_picker] AndroidManifest.xml:13:13-74
79            android:exported="false"
79-->[:image_picker] AndroidManifest.xml:14:13-37
80            android:grantUriPermissions="true" >
80-->[:image_picker] AndroidManifest.xml:15:13-47
81            <meta-data
81-->[:image_picker] AndroidManifest.xml:16:13-18:75
82                android:name="android.support.FILE_PROVIDER_PATHS"
82-->[:image_picker] AndroidManifest.xml:17:17-67
83                android:resource="@xml/flutter_image_picker_file_paths" />
83-->[:image_picker] AndroidManifest.xml:18:17-72
84        </provider>
85
86        <service
86-->[:cloud_firestore] AndroidManifest.xml:8:9-12:19
87            android:name="com.google.firebase.components.ComponentDiscoveryService"
87-->[:cloud_firestore] AndroidManifest.xml:8:18-89
88            android:directBootAware="true"
88-->[com.google.firebase:firebase-common:19.3.0] AndroidManifest.xml:34:13-43
89            android:exported="false" >
89-->[com.google.firebase:firebase-auth:19.2.0] AndroidManifest.xml:35:13-37
90            <meta-data
90-->[:cloud_firestore] AndroidManifest.xml:9:13-11:85
91                android:name="com.google.firebase.components:io.flutter.plugins.firebase.cloudfirestore.FlutterFirebaseAppRegistrar"
91-->[:cloud_firestore] AndroidManifest.xml:10:17-133
92                android:value="com.google.firebase.components.ComponentRegistrar" />
92-->[:cloud_firestore] AndroidManifest.xml:11:17-82
93            <meta-data
93-->[:firebase_auth] AndroidManifest.xml:9:13-11:85
94                android:name="com.google.firebase.components:io.flutter.plugins.firebaseauth.FlutterFirebaseAppRegistrar"
94-->[:firebase_auth] AndroidManifest.xml:10:17-122
95                android:value="com.google.firebase.components.ComponentRegistrar" />
95-->[:firebase_auth] AndroidManifest.xml:11:17-82
96            <meta-data
96-->[:firebase_storage] AndroidManifest.xml:9:13-11:85
97                android:name="com.google.firebase.components:io.flutter.plugins.firebase.storage.FlutterFirebaseAppRegistrar"
97-->[:firebase_storage] AndroidManifest.xml:10:17-126
98                android:value="com.google.firebase.components.ComponentRegistrar" />
98-->[:firebase_storage] AndroidManifest.xml:11:17-82
99            <meta-data
99-->[:firebase_core] AndroidManifest.xml:9:13-11:85
100                android:name="com.google.firebase.components:io.flutter.plugins.firebase.core.FlutterFirebaseAppRegistrar"
100-->[:firebase_core] AndroidManifest.xml:10:17-123
101                android:value="com.google.firebase.components.ComponentRegistrar" />
101-->[:firebase_core] AndroidManifest.xml:11:17-82
102            <meta-data
102-->[:firebase_messaging] AndroidManifest.xml:14:13-16:85
103                android:name="com.google.firebase.components:io.flutter.plugins.firebasemessaging.FlutterFirebaseAppRegistrar"
103-->[:firebase_messaging] AndroidManifest.xml:15:17-127
104                android:value="com.google.firebase.components.ComponentRegistrar" />
104-->[:firebase_messaging] AndroidManifest.xml:16:17-82
105            <meta-data
105-->[com.google.firebase:firebase-auth:19.2.0] AndroidManifest.xml:36:13-38:85
106                android:name="com.google.firebase.components:com.google.firebase.auth.FirebaseAuthRegistrar"
106-->[com.google.firebase:firebase-auth:19.2.0] AndroidManifest.xml:37:17-109
107                android:value="com.google.firebase.components.ComponentRegistrar" />
107-->[com.google.firebase:firebase-auth:19.2.0] AndroidManifest.xml:38:17-82
108            <meta-data
108-->[com.google.android.gms:play-services-measurement-api:17.2.2] AndroidManifest.xml:30:13-32:85
109                android:name="com.google.firebase.components:com.google.firebase.analytics.connector.internal.AnalyticsConnectorRegistrar"
109-->[com.google.android.gms:play-services-measurement-api:17.2.2] AndroidManifest.xml:31:17-139
110                android:value="com.google.firebase.components.ComponentRegistrar" />
110-->[com.google.android.gms:play-services-measurement-api:17.2.2] AndroidManifest.xml:32:17-82
111            <meta-data
111-->[com.google.firebase:firebase-firestore:21.3.0] AndroidManifest.xml:20:13-22:85
112                android:name="com.google.firebase.components:com.google.firebase.firestore.FirestoreRegistrar"
112-->[com.google.firebase:firebase-firestore:21.3.0] AndroidManifest.xml:21:17-111
113                android:value="com.google.firebase.components.ComponentRegistrar" />
113-->[com.google.firebase:firebase-firestore:21.3.0] AndroidManifest.xml:22:17-82
114            <meta-data
114-->[com.google.firebase:firebase-storage:17.0.0] AndroidManifest.xml:31:13-33:85
115                android:name="com.google.firebase.components:com.google.firebase.storage.StorageRegistrar"
115-->[com.google.firebase:firebase-storage:17.0.0] AndroidManifest.xml:32:17-107
116                android:value="com.google.firebase.components.ComponentRegistrar" />
116-->[com.google.firebase:firebase-storage:17.0.0] AndroidManifest.xml:33:17-82
117            <meta-data
117-->[com.google.firebase:firebase-iid:20.0.2] AndroidManifest.xml:32:13-34:85
118                android:name="com.google.firebase.components:com.google.firebase.iid.Registrar"
118-->[com.google.firebase:firebase-iid:20.0.2] AndroidManifest.xml:33:17-96
119                android:value="com.google.firebase.components.ComponentRegistrar" />
119-->[com.google.firebase:firebase-iid:20.0.2] AndroidManifest.xml:34:17-82
120        </service>
121        <service android:name="io.flutter.plugins.firebasemessaging.FlutterFirebaseMessagingService" >
121-->[:firebase_messaging] AndroidManifest.xml:8:9-12:19
121-->[:firebase_messaging] AndroidManifest.xml:8:18-101
122            <intent-filter>
122-->[:firebase_messaging] AndroidManifest.xml:9:13-11:29
123                <action android:name="com.google.firebase.MESSAGING_EVENT" />
123-->[:firebase_messaging] AndroidManifest.xml:10:17-78
123-->[:firebase_messaging] AndroidManifest.xml:10:25-75
124            </intent-filter>
125        </service>
126
127        <activity
127-->[com.google.firebase:firebase-auth:19.2.0] AndroidManifest.xml:24:9-31:50
128            android:name="com.google.firebase.auth.internal.FederatedSignInActivity"
128-->[com.google.firebase:firebase-auth:19.2.0] AndroidManifest.xml:25:13-85
129            android:excludeFromRecents="true"
129-->[com.google.firebase:firebase-auth:19.2.0] AndroidManifest.xml:26:13-46
130            android:exported="true"
130-->[com.google.firebase:firebase-auth:19.2.0] AndroidManifest.xml:27:13-36
131            android:launchMode="singleTask"
131-->[com.google.firebase:firebase-auth:19.2.0] AndroidManifest.xml:28:13-44
132            android:permission="com.google.firebase.auth.api.gms.permission.LAUNCH_FEDERATED_SIGN_IN"
132-->[com.google.firebase:firebase-auth:19.2.0] AndroidManifest.xml:29:13-102
133            android:theme="@android:style/Theme.Translucent.NoTitleBar" />
133-->[com.google.firebase:firebase-auth:19.2.0] AndroidManifest.xml:30:13-72
134
135        <receiver
135-->[com.google.android.gms:play-services-measurement:17.2.2] AndroidManifest.xml:29:9-33:20
136            android:name="com.google.android.gms.measurement.AppMeasurementReceiver"
136-->[com.google.android.gms:play-services-measurement:17.2.2] AndroidManifest.xml:30:13-85
137            android:enabled="true"
137-->[com.google.android.gms:play-services-measurement:17.2.2] AndroidManifest.xml:31:13-35
138            android:exported="false" >
138-->[com.google.android.gms:play-services-measurement:17.2.2] AndroidManifest.xml:32:13-37
139        </receiver>
140        <receiver
140-->[com.google.android.gms:play-services-measurement:17.2.2] AndroidManifest.xml:34:9-42:20
141            android:name="com.google.android.gms.measurement.AppMeasurementInstallReferrerReceiver"
141-->[com.google.android.gms:play-services-measurement:17.2.2] AndroidManifest.xml:35:13-100
142            android:enabled="true"
142-->[com.google.android.gms:play-services-measurement:17.2.2] AndroidManifest.xml:36:13-35
143            android:exported="true"
143-->[com.google.android.gms:play-services-measurement:17.2.2] AndroidManifest.xml:37:13-36
144            android:permission="android.permission.INSTALL_PACKAGES" >
144-->[com.google.android.gms:play-services-measurement:17.2.2] AndroidManifest.xml:38:13-69
145            <intent-filter>
145-->[com.google.android.gms:play-services-measurement:17.2.2] AndroidManifest.xml:39:13-41:29
146                <action android:name="com.android.vending.INSTALL_REFERRER" />
146-->[com.google.android.gms:play-services-measurement:17.2.2] AndroidManifest.xml:40:17-79
146-->[com.google.android.gms:play-services-measurement:17.2.2] AndroidManifest.xml:40:25-76
147            </intent-filter>
148        </receiver>
149
150        <service
150-->[com.google.android.gms:play-services-measurement:17.2.2] AndroidManifest.xml:44:9-47:40
151            android:name="com.google.android.gms.measurement.AppMeasurementService"
151-->[com.google.android.gms:play-services-measurement:17.2.2] AndroidManifest.xml:45:13-84
152            android:enabled="true"
152-->[com.google.android.gms:play-services-measurement:17.2.2] AndroidManifest.xml:46:13-35
153            android:exported="false" />
153-->[com.google.android.gms:play-services-measurement:17.2.2] AndroidManifest.xml:47:13-37
154        <service
154-->[com.google.android.gms:play-services-measurement:17.2.2] AndroidManifest.xml:48:9-52:72
155            android:name="com.google.android.gms.measurement.AppMeasurementJobService"
155-->[com.google.android.gms:play-services-measurement:17.2.2] AndroidManifest.xml:49:13-87
156            android:enabled="true"
156-->[com.google.android.gms:play-services-measurement:17.2.2] AndroidManifest.xml:50:13-35
157            android:exported="false"
157-->[com.google.android.gms:play-services-measurement:17.2.2] AndroidManifest.xml:51:13-37
158            android:permission="android.permission.BIND_JOB_SERVICE" />
158-->[com.google.android.gms:play-services-measurement:17.2.2] AndroidManifest.xml:52:13-69
159        <!--
160             FirebaseMessagingService performs security checks at runtime,
161             but set to not exported to explicitly avoid allowing another app to call it.
162        -->
163        <service
163-->[com.google.firebase:firebase-messaging:20.0.1] AndroidManifest.xml:28:9-34:19
164            android:name="com.google.firebase.messaging.FirebaseMessagingService"
164-->[com.google.firebase:firebase-messaging:20.0.1] AndroidManifest.xml:29:13-82
165            android:exported="false" >
165-->[com.google.firebase:firebase-messaging:20.0.1] AndroidManifest.xml:30:13-37
166            <intent-filter android:priority="-500" >
166-->[:firebase_messaging] AndroidManifest.xml:9:13-11:29
167                <action android:name="com.google.firebase.MESSAGING_EVENT" />
167-->[:firebase_messaging] AndroidManifest.xml:10:17-78
167-->[:firebase_messaging] AndroidManifest.xml:10:25-75
168            </intent-filter>
169        </service>
170
171        <receiver
171-->[com.google.firebase:firebase-iid:20.0.2] AndroidManifest.xml:37:9-44:20
172            android:name="com.google.firebase.iid.FirebaseInstanceIdReceiver"
172-->[com.google.firebase:firebase-iid:20.0.2] AndroidManifest.xml:38:13-78
173            android:exported="true"
173-->[com.google.firebase:firebase-iid:20.0.2] AndroidManifest.xml:39:13-36
174            android:permission="com.google.android.c2dm.permission.SEND" >
174-->[com.google.firebase:firebase-iid:20.0.2] AndroidManifest.xml:40:13-73
175            <intent-filter>
175-->[com.google.firebase:firebase-iid:20.0.2] AndroidManifest.xml:41:13-43:29
176                <action android:name="com.google.android.c2dm.intent.RECEIVE" />
176-->[com.google.firebase:firebase-iid:20.0.2] AndroidManifest.xml:42:17-81
176-->[com.google.firebase:firebase-iid:20.0.2] AndroidManifest.xml:42:25-78
177            </intent-filter>
178        </receiver>
179
180        <provider
180-->[com.google.firebase:firebase-common:19.3.0] AndroidManifest.xml:26:9-30:39
181            android:name="com.google.firebase.provider.FirebaseInitProvider"
181-->[com.google.firebase:firebase-common:19.3.0] AndroidManifest.xml:27:13-77
182            android:authorities="com.buddyappfirebase.firebaseinitprovider"
182-->[com.google.firebase:firebase-common:19.3.0] AndroidManifest.xml:28:13-72
183            android:exported="false"
183-->[com.google.firebase:firebase-common:19.3.0] AndroidManifest.xml:29:13-37
184            android:initOrder="100" />
184-->[com.google.firebase:firebase-common:19.3.0] AndroidManifest.xml:30:13-36
185
186        <activity
186-->[com.google.android.gms:play-services-auth:16.0.1] AndroidManifest.xml:23:9-27:75
187            android:name="com.google.android.gms.auth.api.signin.internal.SignInHubActivity"
187-->[com.google.android.gms:play-services-auth:16.0.1] AndroidManifest.xml:24:13-93
188            android:excludeFromRecents="true"
188-->[com.google.android.gms:play-services-auth:16.0.1] AndroidManifest.xml:25:13-46
189            android:exported="false"
189-->[com.google.android.gms:play-services-auth:16.0.1] AndroidManifest.xml:26:13-37
190            android:theme="@android:style/Theme.Translucent.NoTitleBar" />
190-->[com.google.android.gms:play-services-auth:16.0.1] AndroidManifest.xml:27:13-72
191        <!--
192            Service handling Google Sign-In user revocation. For apps that do not integrate with
193            Google Sign-In, this service will never be started.
194        -->
195        <service
195-->[com.google.android.gms:play-services-auth:16.0.1] AndroidManifest.xml:33:9-36:110
196            android:name="com.google.android.gms.auth.api.signin.RevocationBoundService"
196-->[com.google.android.gms:play-services-auth:16.0.1] AndroidManifest.xml:34:13-89
197            android:exported="true"
197-->[com.google.android.gms:play-services-auth:16.0.1] AndroidManifest.xml:35:13-36
198            android:permission="com.google.android.gms.auth.api.signin.permission.REVOCATION_NOTIFICATION" />
198-->[com.google.android.gms:play-services-auth:16.0.1] AndroidManifest.xml:36:13-107
199
200        <activity
200-->[com.google.android.gms:play-services-base:17.1.0] AndroidManifest.xml:23:9-26:75
201            android:name="com.google.android.gms.common.api.GoogleApiActivity"
201-->[com.google.android.gms:play-services-base:17.1.0] AndroidManifest.xml:24:13-79
202            android:exported="false"
202-->[com.google.android.gms:play-services-base:17.1.0] AndroidManifest.xml:25:13-37
203            android:theme="@android:style/Theme.Translucent.NoTitleBar" />
203-->[com.google.android.gms:play-services-base:17.1.0] AndroidManifest.xml:26:13-72
204
205        <meta-data
205-->[com.google.android.gms:play-services-basement:17.0.0] AndroidManifest.xml:23:9-25:69
206            android:name="com.google.android.gms.version"
206-->[com.google.android.gms:play-services-basement:17.0.0] AndroidManifest.xml:24:13-58
207            android:value="@integer/google_play_services_version" />
207-->[com.google.android.gms:play-services-basement:17.0.0] AndroidManifest.xml:25:13-66
208    </application>
209
210</manifest>